{"C:\\Users\\DEEPIJA\\.gemini\\antigravity\\scratch\\book-dashboard\\backend\\src\\app.controller.ts": {"path":"C:\\Users\\DEEPIJA\\.gemini\\antigravity\\scratch\\book-dashboard\\backend\\src\\app.controller.ts","statementMap":{"0":{"start":{"line":1,"column":0},"end":{"line":1,"column":49}},"1":{"start":{"line":2,"column":0},"end":{"line":2,"column":43}},"2":{"start":{"line":5,"column":7},"end":{"line":12,"column":null}},"3":{"start":{"line":6,"column":31},"end":{"line":6,"column":43}},"4":{"start":{"line":10,"column":4},"end":{"line":10,"column":38}},"5":{"start":{"line":5,"column":13},"end":{"line":5,"column":26}},"6":{"start":{"line":9,"column":2},"end":{"line":11,"column":null}},"7":{"start":{"line":5,"column":13},"end":{"line":12,"column":null}}},"fnMap":{"0":{"name":"(anonymous_2)","decl":{"start":{"line":6,"column":2},"end":{"line":6,"column":31}},"loc":{"start":{"line":6,"column":53},"end":{"line":6,"column":57}}},"1":{"name":"(anonymous_3)","decl":{"start":{"line":9,"column":2},"end":{"line":9,"column":10}},"loc":{"start":{"line":9,"column":10},"end":{"line":11,"column":3}}}},"branchMap":{"0":{"loc":{"start":{"line":6,"column":43},"end":{"line":6,"column":56}},"type":"cond-expr","locations":[{"start":{"line":6,"column":53},"end":{"line":6,"column":56}},{"start":{"line":6,"column":53},"end":{"line":6,"column":56}}]},"1":{"loc":{"start":{"line":6,"column":43},"end":{"line":6,"column":53}},"type":"binary-expr","locations":[{"start":{"line":6,"column":43},"end":{"line":6,"column":56}},{"start":{"line":6,"column":43},"end":{"line":6,"column":53}}]}},"s":{"0":1,"1":1,"2":1,"3":1,"4":1,"5":1,"6":1,"7":1},"f":{"0":1,"1":1},"b":{"0":[1,0],"1":[1,1]}}
,"C:\\Users\\DEEPIJA\\.gemini\\antigravity\\scratch\\book-dashboard\\backend\\src\\app.module.ts": {"path":"C:\\Users\\DEEPIJA\\.gemini\\antigravity\\scratch\\book-dashboard\\backend\\src\\app.module.ts","statementMap":{"0":{"start":{"line":1,"column":0},"end":{"line":1,"column":40}},"1":{"start":{"line":2,"column":0},"end":{"line":2,"column":46}},"2":{"start":{"line":3,"column":0},"end":{"line":3,"column":48}},"3":{"start":{"line":4,"column":0},"end":{"line":4,"column":66}},"4":{"start":{"line":5,"column":0},"end":{"line":5,"column":48}},"5":{"start":{"line":6,"column":0},"end":{"line":6,"column":49}},"6":{"start":{"line":7,"column":0},"end":{"line":7,"column":43}},"7":{"start":{"line":8,"column":0},"end":{"line":8,"column":51}},"8":{"start":{"line":9,"column":0},"end":{"line":9,"column":48}},"9":{"start":{"line":10,"column":0},"end":{"line":10,"column":43}},"10":{"start":{"line":35,"column":7},"end":{"line":35,"column":null}},"11":{"start":{"line":35,"column":13},"end":{"line":35,"column":22}},"12":{"start":{"line":35,"column":13},"end":{"line":35,"column":null}},"13":{"start":{"line":21,"column":34},"end":{"line":21,"column":46}}},"fnMap":{"0":{"name":"(anonymous_1)","decl":{"start":{"line":21,"column":15},"end":{"line":21,"column":16}},"loc":{"start":{"line":21,"column":34},"end":{"line":21,"column":46}}}},"branchMap":{},"s":{"0":0,"1":0,"2":0,"3":0,"4":0,"5":0,"6":0,"7":0,"8":0,"9":0,"10":0,"11":0,"12":0,"13":0},"f":{"0":0},"b":{}}
,"C:\\Users\\DEEPIJA\\.gemini\\antigravity\\scratch\\book-dashboard\\backend\\src\\app.service.ts": {"path":"C:\\Users\\DEEPIJA\\.gemini\\antigravity\\scratch\\book-dashboard\\backend\\src\\app.service.ts","statementMap":{"0":{"start":{"line":1,"column":0},"end":{"line":1,"column":44}},"1":{"start":{"line":4,"column":7},"end":{"line":8,"column":null}},"2":{"start":{"line":6,"column":4},"end":{"line":6,"column":26}},"3":{"start":{"line":4,"column":13},"end":{"line":4,"column":23}},"4":{"start":{"line":4,"column":13},"end":{"line":8,"column":null}}},"fnMap":{"0":{"name":"(anonymous_1)","decl":{"start":{"line":5,"column":2},"end":{"line":5,"column":10}},"loc":{"start":{"line":5,"column":10},"end":{"line":7,"column":3}}}},"branchMap":{},"s":{"0":1,"1":1,"2":1,"3":1,"4":1},"f":{"0":1},"b":{}}
,"C:\\Users\\DEEPIJA\\.gemini\\antigravity\\scratch\\book-dashboard\\backend\\src\\main.ts": {"path":"C:\\Users\\DEEPIJA\\.gemini\\antigravity\\scratch\\book-dashboard\\backend\\src\\main.ts","statementMap":{"0":{"start":{"line":1,"column":0},"end":{"line":1,"column":43}},"1":{"start":{"line":2,"column":0},"end":{"line":2,"column":48}},"2":{"start":{"line":3,"column":0},"end":{"line":3,"column":41}},"3":{"start":{"line":6,"column":14},"end":{"line":6,"column":49}},"4":{"start":{"line":9,"column":2},"end":{"line":12,"column":5}},"5":{"start":{"line":15,"column":2},"end":{"line":15,"column":43}},"6":{"start":{"line":17,"column":2},"end":{"line":17,"column":45}},"7":{"start":{"line":18,"column":2},"end":{"line":18,"column":66}},"8":{"start":{"line":20,"column":0},"end":{"line":20,"column":12}}},"fnMap":{"0":{"name":"bootstrap","decl":{"start":{"line":5,"column":15},"end":{"line":5,"column":24}},"loc":{"start":{"line":5,"column":24},"end":{"line":19,"column":1}}}},"branchMap":{"0":{"loc":{"start":{"line":10,"column":12},"end":{"line":10,"column":63}},"type":"binary-expr","locations":[{"start":{"line":10,"column":12},"end":{"line":10,"column":36}},{"start":{"line":10,"column":40},"end":{"line":10,"column":63}}]},"1":{"loc":{"start":{"line":17,"column":19},"end":{"line":17,"column":43}},"type":"binary-expr","locations":[{"start":{"line":17,"column":19},"end":{"line":17,"column":35}},{"start":{"line":17,"column":39},"end":{"line":17,"column":43}}]}},"s":{"0":0,"1":0,"2":0,"3":0,"4":0,"5":0,"6":0,"7":0,"8":0},"f":{"0":0},"b":{"0":[0,0],"1":[0,0]}}
,"C:\\Users\\DEEPIJA\\.gemini\\antigravity\\scratch\\book-dashboard\\backend\\src\\auth\\auth.guard.ts": {"path":"C:\\Users\\DEEPIJA\\.gemini\\antigravity\\scratch\\book-dashboard\\backend\\src\\auth\\auth.guard.ts","statementMap":{"0":{"start":{"line":1,"column":0},"end":{"line":1,"column":null}},"1":{"start":{"line":7,"column":0},"end":{"line":7,"column":54}},"2":{"start":{"line":8,"column":0},"end":{"line":8,"column":49}},"3":{"start":{"line":9,"column":0},"end":{"line":9,"column":33}},"4":{"start":{"line":12,"column":7},"end":{"line":34,"column":null}},"5":{"start":{"line":16,"column":4},"end":{"line":20,"column":7}},"6":{"start":{"line":24,"column":16},"end":{"line":24,"column":51}},"7":{"start":{"line":25,"column":25},"end":{"line":25,"column":41}},"8":{"start":{"line":27,"column":4},"end":{"line":32,"column":5}},"9":{"start":{"line":28,"column":6},"end":{"line":28,"column":47}},"10":{"start":{"line":29,"column":6},"end":{"line":29,"column":18}},"11":{"start":{"line":31,"column":6},"end":{"line":31,"column":66}},"12":{"start":{"line":12,"column":13},"end":{"line":12,"column":22}},"13":{"start":{"line":12,"column":13},"end":{"line":34,"column":null}}},"fnMap":{"0":{"name":"(anonymous_2)","decl":{"start":{"line":15,"column":2},"end":{"line":15,"column":null}},"loc":{"start":{"line":15,"column":2},"end":{"line":21,"column":3}}},"1":{"name":"(anonymous_3)","decl":{"start":{"line":23,"column":2},"end":{"line":23,"column":7}},"loc":{"start":{"line":23,"column":45},"end":{"line":33,"column":3}}}},"branchMap":{},"s":{"0":1,"1":1,"2":1,"3":1,"4":1,"5":0,"6":0,"7":0,"8":0,"9":0,"10":0,"11":0,"12":1,"13":1},"f":{"0":0,"1":0},"b":{}}
,"C:\\Users\\DEEPIJA\\.gemini\\antigravity\\scratch\\book-dashboard\\backend\\src\\auth\\auth.module.ts": {"path":"C:\\Users\\DEEPIJA\\.gemini\\antigravity\\scratch\\book-dashboard\\backend\\src\\auth\\auth.module.ts","statementMap":{"0":{"start":{"line":1,"column":0},"end":{"line":1,"column":40}},"1":{"start":{"line":2,"column":0},"end":{"line":2,"column":41}},"2":{"start":{"line":8,"column":7},"end":{"line":8,"column":null}},"3":{"start":{"line":8,"column":13},"end":{"line":8,"column":23}},"4":{"start":{"line":8,"column":13},"end":{"line":8,"column":null}}},"fnMap":{},"branchMap":{},"s":{"0":0,"1":0,"2":0,"3":0,"4":0},"f":{},"b":{}}
,"C:\\Users\\DEEPIJA\\.gemini\\antigravity\\scratch\\book-dashboard\\backend\\src\\books\\book.entity.ts": {"path":"C:\\Users\\DEEPIJA\\.gemini\\antigravity\\scratch\\book-dashboard\\backend\\src\\books\\book.entity.ts","statementMap":{"0":{"start":{"line":1,"column":0},"end":{"line":1,"column":65}},"1":{"start":{"line":2,"column":0},"end":{"line":2,"column":57}},"2":{"start":{"line":6,"column":7},"end":{"line":18,"column":null}},"3":{"start":{"line":6,"column":13},"end":{"line":6,"column":17}},"4":{"start":{"line":9,"column":2},"end":{"line":9,"column":null}},"5":{"start":{"line":7,"column":15},"end":{"line":7,"column":18}},"6":{"start":{"line":13,"column":2},"end":{"line":13,"column":null}},"7":{"start":{"line":17,"column":2},"end":{"line":17,"column":null}},"8":{"start":{"line":6,"column":13},"end":{"line":18,"column":null}}},"fnMap":{"0":{"name":"(anonymous_2)","decl":{"start":{"line":7,"column":9},"end":{"line":7,"column":12}},"loc":{"start":{"line":7,"column":15},"end":{"line":7,"column":18}}}},"branchMap":{},"s":{"0":2,"1":2,"2":2,"3":2,"4":2,"5":0,"6":2,"7":2,"8":2},"f":{"0":0},"b":{}}
,"C:\\Users\\DEEPIJA\\.gemini\\antigravity\\scratch\\book-dashboard\\backend\\src\\books\\books.module.ts": {"path":"C:\\Users\\DEEPIJA\\.gemini\\antigravity\\scratch\\book-dashboard\\backend\\src\\books\\books.module.ts","statementMap":{"0":{"start":{"line":1,"column":0},"end":{"line":1,"column":40}},"1":{"start":{"line":2,"column":0},"end":{"line":2,"column":48}},"2":{"start":{"line":3,"column":0},"end":{"line":3,"column":47}},"3":{"start":{"line":4,"column":0},"end":{"line":4,"column":49}},"4":{"start":{"line":5,"column":0},"end":{"line":5,"column":37}},"5":{"start":{"line":11,"column":7},"end":{"line":11,"column":null}},"6":{"start":{"line":11,"column":13},"end":{"line":11,"column":24}},"7":{"start":{"line":11,"column":13},"end":{"line":11,"column":null}}},"fnMap":{},"branchMap":{},"s":{"0":0,"1":0,"2":0,"3":0,"4":0,"5":0,"6":0,"7":0},"f":{},"b":{}}
,"C:\\Users\\DEEPIJA\\.gemini\\antigravity\\scratch\\book-dashboard\\backend\\src\\books\\books.resolver.ts": {"path":"C:\\Users\\DEEPIJA\\.gemini\\antigravity\\scratch\\book-dashboard\\backend\\src\\books\\books.resolver.ts","statementMap":{"0":{"start":{"line":1,"column":0},"end":{"line":1,"column":71}},"1":{"start":{"line":2,"column":0},"end":{"line":2,"column":43}},"2":{"start":{"line":3,"column":0},"end":{"line":3,"column":47}},"3":{"start":{"line":4,"column":0},"end":{"line":4,"column":37}},"4":{"start":{"line":5,"column":0},"end":{"line":5,"column":58}},"5":{"start":{"line":6,"column":0},"end":{"line":6,"column":58}},"6":{"start":{"line":7,"column":0},"end":{"line":7,"column":47}},"7":{"start":{"line":11,"column":7},"end":{"line":45,"column":null}},"8":{"start":{"line":12,"column":31},"end":{"line":12,"column":45}},"9":{"start":{"line":16,"column":4},"end":{"line":16,"column":39}},"10":{"start":{"line":21,"column":4},"end":{"line":21,"column":41}},"11":{"start":{"line":28,"column":4},"end":{"line":28,"column":53}},"12":{"start":{"line":36,"column":4},"end":{"line":36,"column":57}},"13":{"start":{"line":43,"column":4},"end":{"line":43,"column":40}},"14":{"start":{"line":11,"column":13},"end":{"line":11,"column":26}},"15":{"start":{"line":15,"column":8},"end":{"line":17,"column":null}},"16":{"start":{"line":14,"column":15},"end":{"line":14,"column":21}},"17":{"start":{"line":20,"column":8},"end":{"line":22,"column":null}},"18":{"start":{"line":19,"column":15},"end":{"line":19,"column":19}},"19":{"start":{"line":20,"column":42},"end":{"line":20,"column":45}},"20":{"start":{"line":25,"column":8},"end":{"line":29,"column":null}},"21":{"start":{"line":24,"column":18},"end":{"line":24,"column":22}},"22":{"start":{"line":32,"column":8},"end":{"line":37,"column":null}},"23":{"start":{"line":31,"column":18},"end":{"line":31,"column":22}},"24":{"start":{"line":33,"column":30},"end":{"line":33,"column":33}},"25":{"start":{"line":40,"column":8},"end":{"line":44,"column":null}},"26":{"start":{"line":39,"column":18},"end":{"line":39,"column":25}},"27":{"start":{"line":41,"column":30},"end":{"line":41,"column":33}},"28":{"start":{"line":11,"column":13},"end":{"line":45,"column":null}},"29":{"start":{"line":9,"column":16},"end":{"line":9,"column":20}}},"fnMap":{"0":{"name":"(anonymous_4)","decl":{"start":{"line":12,"column":2},"end":{"line":12,"column":31}},"loc":{"start":{"line":12,"column":57},"end":{"line":12,"column":61}}},"1":{"name":"(anonymous_5)","decl":{"start":{"line":15,"column":8},"end":{"line":15,"column":15}},"loc":{"start":{"line":15,"column":15},"end":{"line":17,"column":3}}},"2":{"name":"(anonymous_6)","decl":{"start":{"line":20,"column":8},"end":{"line":20,"column":15}},"loc":{"start":{"line":20,"column":59},"end":{"line":22,"column":3}}},"3":{"name":"(anonymous_7)","decl":{"start":{"line":25,"column":8},"end":{"line":25,"column":18}},"loc":{"start":{"line":26,"column":51},"end":{"line":29,"column":3}}},"4":{"name":"(anonymous_8)","decl":{"start":{"line":32,"column":8},"end":{"line":32,"column":18}},"loc":{"start":{"line":34,"column":51},"end":{"line":37,"column":3}}},"5":{"name":"(anonymous_9)","decl":{"start":{"line":40,"column":8},"end":{"line":40,"column":18}},"loc":{"start":{"line":41,"column":47},"end":{"line":44,"column":3}}},"6":{"name":"(anonymous_10)","decl":{"start":{"line":14,"column":9},"end":{"line":14,"column":12}},"loc":{"start":{"line":14,"column":15},"end":{"line":14,"column":21}}},"7":{"name":"(anonymous_11)","decl":{"start":{"line":19,"column":9},"end":{"line":19,"column":12}},"loc":{"start":{"line":19,"column":15},"end":{"line":19,"column":19}}},"8":{"name":"(anonymous_12)","decl":{"start":{"line":20,"column":36},"end":{"line":20,"column":39}},"loc":{"start":{"line":20,"column":42},"end":{"line":20,"column":45}}},"9":{"name":"(anonymous_13)","decl":{"start":{"line":24,"column":12},"end":{"line":24,"column":15}},"loc":{"start":{"line":24,"column":18},"end":{"line":24,"column":22}}},"10":{"name":"(anonymous_14)","decl":{"start":{"line":31,"column":12},"end":{"line":31,"column":15}},"loc":{"start":{"line":31,"column":18},"end":{"line":31,"column":22}}},"11":{"name":"(anonymous_15)","decl":{"start":{"line":33,"column":24},"end":{"line":33,"column":27}},"loc":{"start":{"line":33,"column":30},"end":{"line":33,"column":33}}},"12":{"name":"(anonymous_16)","decl":{"start":{"line":39,"column":12},"end":{"line":39,"column":15}},"loc":{"start":{"line":39,"column":18},"end":{"line":39,"column":25}}},"13":{"name":"(anonymous_17)","decl":{"start":{"line":41,"column":24},"end":{"line":41,"column":27}},"loc":{"start":{"line":41,"column":30},"end":{"line":41,"column":33}}},"14":{"name":"(anonymous_18)","decl":{"start":{"line":9,"column":10},"end":{"line":9,"column":13}},"loc":{"start":{"line":9,"column":16},"end":{"line":9,"column":20}}}},"branchMap":{"0":{"loc":{"start":{"line":15,"column":19},"end":{"line":15,"column":null}},"type":"cond-expr","locations":[{"start":{"line":15,"column":26},"end":{"line":15,"column":null}},{"start":{"line":15,"column":26},"end":{"line":15,"column":null}}]},"1":{"loc":{"start":{"line":15,"column":19},"end":{"line":15,"column":26}},"type":"binary-expr","locations":[{"start":{"line":15,"column":19},"end":{"line":15,"column":null}},{"start":{"line":15,"column":19},"end":{"line":15,"column":26}}]},"2":{"loc":{"start":{"line":20,"column":62},"end":{"line":20,"column":null}},"type":"cond-expr","locations":[{"start":{"line":20,"column":69},"end":{"line":20,"column":null}},{"start":{"line":20,"column":69},"end":{"line":20,"column":null}}]},"3":{"loc":{"start":{"line":20,"column":62},"end":{"line":20,"column":69}},"type":"binary-expr","locations":[{"start":{"line":20,"column":62},"end":{"line":20,"column":null}},{"start":{"line":20,"column":62},"end":{"line":20,"column":69}}]},"4":{"loc":{"start":{"line":26,"column":36},"end":{"line":26,"column":null}},"type":"cond-expr","locations":[{"start":{"line":26,"column":51},"end":{"line":26,"column":null}},{"start":{"line":26,"column":51},"end":{"line":26,"column":null}}]},"5":{"loc":{"start":{"line":26,"column":36},"end":{"line":26,"column":51}},"type":"binary-expr","locations":[{"start":{"line":26,"column":36},"end":{"line":26,"column":null}},{"start":{"line":26,"column":36},"end":{"line":26,"column":51}}]},"6":{"loc":{"start":{"line":27,"column":5},"end":{"line":27,"column":null}},"type":"cond-expr","locations":[{"start":{"line":27,"column":12},"end":{"line":27,"column":null}},{"start":{"line":27,"column":12},"end":{"line":27,"column":null}}]},"7":{"loc":{"start":{"line":27,"column":5},"end":{"line":27,"column":12}},"type":"binary-expr","locations":[{"start":{"line":27,"column":5},"end":{"line":27,"column":null}},{"start":{"line":27,"column":5},"end":{"line":27,"column":12}}]},"8":{"loc":{"start":{"line":34,"column":36},"end":{"line":34,"column":null}},"type":"cond-expr","locations":[{"start":{"line":34,"column":51},"end":{"line":34,"column":null}},{"start":{"line":34,"column":51},"end":{"line":34,"column":null}}]},"9":{"loc":{"start":{"line":34,"column":36},"end":{"line":34,"column":51}},"type":"binary-expr","locations":[{"start":{"line":34,"column":36},"end":{"line":34,"column":null}},{"start":{"line":34,"column":36},"end":{"line":34,"column":51}}]},"10":{"loc":{"start":{"line":35,"column":5},"end":{"line":35,"column":null}},"type":"cond-expr","locations":[{"start":{"line":35,"column":12},"end":{"line":35,"column":null}},{"start":{"line":35,"column":12},"end":{"line":35,"column":null}}]},"11":{"loc":{"start":{"line":35,"column":5},"end":{"line":35,"column":12}},"type":"binary-expr","locations":[{"start":{"line":35,"column":5},"end":{"line":35,"column":null}},{"start":{"line":35,"column":5},"end":{"line":35,"column":12}}]},"12":{"loc":{"start":{"line":42,"column":5},"end":{"line":42,"column":null}},"type":"cond-expr","locations":[{"start":{"line":42,"column":12},"end":{"line":42,"column":null}},{"start":{"line":42,"column":12},"end":{"line":42,"column":null}}]},"13":{"loc":{"start":{"line":42,"column":5},"end":{"line":42,"column":12}},"type":"binary-expr","locations":[{"start":{"line":42,"column":5},"end":{"line":42,"column":null}},{"start":{"line":42,"column":5},"end":{"line":42,"column":12}}]},"14":{"loc":{"start":{"line":12,"column":45},"end":{"line":12,"column":60}},"type":"cond-expr","locations":[{"start":{"line":12,"column":57},"end":{"line":12,"column":60}},{"start":{"line":12,"column":57},"end":{"line":12,"column":60}}]},"15":{"loc":{"start":{"line":12,"column":45},"end":{"line":12,"column":57}},"type":"binary-expr","locations":[{"start":{"line":12,"column":45},"end":{"line":12,"column":60}},{"start":{"line":12,"column":45},"end":{"line":12,"column":57}}]}},"s":{"0":1,"1":1,"2":1,"3":1,"4":1,"5":1,"6":1,"7":1,"8":5,"9":1,"10":1,"11":1,"12":1,"13":1,"14":1,"15":1,"16":0,"17":1,"18":0,"19":0,"20":1,"21":0,"22":1,"23":0,"24":0,"25":1,"26":0,"27":0,"28":1,"29":2},"f":{"0":5,"1":1,"2":1,"3":1,"4":1,"5":1,"6":0,"7":0,"8":0,"9":0,"10":0,"11":0,"12":0,"13":0,"14":2},"b":{"0":[1,0],"1":[1,1],"2":[1,0],"3":[1,1],"4":[1,0],"5":[1,1],"6":[1,0],"7":[1,1],"8":[1,0],"9":[1,1],"10":[1,0],"11":[1,1],"12":[1,0],"13":[1,1],"14":[1,0],"15":[1,1]}}
,"C:\\Users\\DEEPIJA\\.gemini\\antigravity\\scratch\\book-dashboard\\backend\\src\\books\\books.service.ts": {"path":"C:\\Users\\DEEPIJA\\.gemini\\antigravity\\scratch\\book-dashboard\\backend\\src\\books\\books.service.ts","statementMap":{"0":{"start":{"line":1,"column":0},"end":{"line":1,"column":63}},"1":{"start":{"line":2,"column":0},"end":{"line":2,"column":51}},"2":{"start":{"line":3,"column":0},"end":{"line":3,"column":37}},"3":{"start":{"line":4,"column":0},"end":{"line":4,"column":37}},"4":{"start":{"line":9,"column":7},"end":{"line":43,"column":null}},"5":{"start":{"line":12,"column":12},"end":{"line":12,"column":29}},"6":{"start":{"line":16,"column":4},"end":{"line":16,"column":39}},"7":{"start":{"line":20,"column":17},"end":{"line":20,"column":70}},"8":{"start":{"line":21,"column":4},"end":{"line":23,"column":5}},"9":{"start":{"line":22,"column":6},"end":{"line":22,"column":66}},"10":{"start":{"line":24,"column":4},"end":{"line":24,"column":16}},"11":{"start":{"line":28,"column":17},"end":{"line":28,"column":61}},"12":{"start":{"line":29,"column":4},"end":{"line":29,"column":43}},"13":{"start":{"line":33,"column":17},"end":{"line":33,"column":39}},"14":{"start":{"line":34,"column":4},"end":{"line":34,"column":41}},"15":{"start":{"line":35,"column":4},"end":{"line":35,"column":43}},"16":{"start":{"line":39,"column":17},"end":{"line":39,"column":39}},"17":{"start":{"line":40,"column":4},"end":{"line":40,"column":44}},"18":{"start":{"line":41,"column":4},"end":{"line":41,"column":16}},"19":{"start":{"line":9,"column":13},"end":{"line":9,"column":25}},"20":{"start":{"line":9,"column":13},"end":{"line":43,"column":null}}},"fnMap":{"0":{"name":"(anonymous_4)","decl":{"start":{"line":10,"column":2},"end":{"line":10,"column":null}},"loc":{"start":{"line":12,"column":45},"end":{"line":13,"column":6}}},"1":{"name":"(anonymous_5)","decl":{"start":{"line":15,"column":2},"end":{"line":15,"column":7}},"loc":{"start":{"line":15,"column":15},"end":{"line":17,"column":3}}},"2":{"name":"(anonymous_6)","decl":{"start":{"line":19,"column":2},"end":{"line":19,"column":7}},"loc":{"start":{"line":19,"column":26},"end":{"line":25,"column":3}}},"3":{"name":"(anonymous_7)","decl":{"start":{"line":27,"column":2},"end":{"line":27,"column":7}},"loc":{"start":{"line":27,"column":47},"end":{"line":30,"column":3}}},"4":{"name":"(anonymous_8)","decl":{"start":{"line":32,"column":2},"end":{"line":32,"column":7}},"loc":{"start":{"line":32,"column":59},"end":{"line":36,"column":3}}},"5":{"name":"(anonymous_9)","decl":{"start":{"line":38,"column":2},"end":{"line":38,"column":7}},"loc":{"start":{"line":38,"column":25},"end":{"line":42,"column":3}}}},"branchMap":{"0":{"loc":{"start":{"line":21,"column":4},"end":{"line":23,"column":5}},"type":"if","locations":[{"start":{"line":21,"column":4},"end":{"line":23,"column":5}},{"start":{},"end":{}}]},"1":{"loc":{"start":{"line":12,"column":29},"end":{"line":12,"column":45}},"type":"cond-expr","locations":[{"start":{"line":12,"column":39},"end":{"line":12,"column":45}},{"start":{"line":12,"column":39},"end":{"line":12,"column":45}}]},"2":{"loc":{"start":{"line":12,"column":29},"end":{"line":12,"column":39}},"type":"binary-expr","locations":[{"start":{"line":12,"column":29},"end":{"line":12,"column":45}},{"start":{"line":12,"column":29},"end":{"line":12,"column":39}}]}},"s":{"0":2,"1":2,"2":2,"3":2,"4":2,"5":9,"6":2,"7":7,"8":7,"9":4,"10":3,"11":1,"12":1,"13":2,"14":1,"15":1,"16":2,"17":1,"18":1,"19":2,"20":2},"f":{"0":9,"1":2,"2":7,"3":1,"4":2,"5":2},"b":{"0":[4,3],"1":[2,0],"2":[2,2]}}
,"C:\\Users\\DEEPIJA\\.gemini\\antigravity\\scratch\\book-dashboard\\backend\\src\\books\\dto\\create-book.input.ts": {"path":"C:\\Users\\DEEPIJA\\.gemini\\antigravity\\scratch\\book-dashboard\\backend\\src\\books\\dto\\create-book.input.ts","statementMap":{"0":{"start":{"line":1,"column":0},"end":{"line":1,"column":51}},"1":{"start":{"line":2,"column":0},"end":{"line":2,"column":55}},"2":{"start":{"line":5,"column":7},"end":{"line":15,"column":null}},"3":{"start":{"line":5,"column":13},"end":{"line":5,"column":28}},"4":{"start":{"line":9,"column":2},"end":{"line":9,"column":null}},"5":{"start":{"line":14,"column":2},"end":{"line":14,"column":null}},"6":{"start":{"line":5,"column":13},"end":{"line":15,"column":null}}},"fnMap":{},"branchMap":{},"s":{"0":1,"1":1,"2":1,"3":1,"4":1,"5":1,"6":1},"f":{},"b":{}}
,"C:\\Users\\DEEPIJA\\.gemini\\antigravity\\scratch\\book-dashboard\\backend\\src\\books\\dto\\update-book.input.ts": {"path":"C:\\Users\\DEEPIJA\\.gemini\\antigravity\\scratch\\book-dashboard\\backend\\src\\books\\dto\\update-book.input.ts","statementMap":{"0":{"start":{"line":1,"column":0},"end":{"line":1,"column":64}},"1":{"start":{"line":2,"column":0},"end":{"line":2,"column":54}},"2":{"start":{"line":5,"column":7},"end":{"line":11,"column":null}},"3":{"start":{"line":5,"column":13},"end":{"line":5,"column":28}},"4":{"start":{"line":7,"column":2},"end":{"line":7,"column":null}},"5":{"start":{"line":10,"column":2},"end":{"line":10,"column":null}},"6":{"start":{"line":5,"column":13},"end":{"line":11,"column":null}}},"fnMap":{},"branchMap":{},"s":{"0":1,"1":1,"2":1,"3":1,"4":1,"5":1,"6":1},"f":{},"b":{}}
}
